<?xml version="1.0" encoding="UTF-8"?>
<!-- Generated by org.testng.reporters.JUnitReportReporter -->
<testsuite skipped="2" hostname="Mds-MacBook-Pro.local" name="PageObjectTest.WomanDressTest" tests="2" failures="0" timestamp="18 Sep 2019 21:36:54 GMT" time="0.000" errors="0">
  <testcase name="womandress" time="0.000" classname="PageObjectTest.WomanDressTest">
    <skipped/>
  </testcase> <!-- womandress -->
  <testcase name="sweatertest" time="0.000" classname="PageObjectTest.WomanDressTest">
    <skipped/>
  </testcase> <!-- sweatertest -->
</testsuite> <!-- PageObjectTest.WomanDressTest -->
