<?xml version="1.0" encoding="UTF-8"?>
<!-- Generated by org.testng.reporters.JUnitReportReporter -->
<testsuite skipped="2" hostname="Mds-MacBook-Pro.local" name="PageObjectTest.HomePageTest" tests="2" failures="0" timestamp="18 Sep 2019 21:36:59 GMT" time="0.000" errors="0">
  <testcase name="sarchtest" time="0.000" classname="PageObjectTest.HomePageTest">
    <skipped/>
  </testcase> <!-- sarchtest -->
  <testcase name="Anoothertest" time="0.000" classname="PageObjectTest.HomePageTest">
    <skipped/>
  </testcase> <!-- Anoothertest -->
</testsuite> <!-- PageObjectTest.HomePageTest -->
