<?xml version="1.0" encoding="UTF-8"?>
<!-- Generated by org.testng.reporters.JUnitReportReporter -->
<testsuite skipped="0" hostname="Mds-MacBook-Pro.local" name="PageobjectTest.SelectTest" tests="1" failures="0" timestamp="18 Sep 2019 21:37:57 GMT" time="9.520" errors="0">
  <testcase name="testing" time="9.520" classname="PageobjectTest.SelectTest"/>
</testsuite> <!-- PageobjectTest.SelectTest -->
