<?xml version="1.0" encoding="UTF-8"?>
<!-- Generated by org.testng.reporters.JUnitReportReporter -->
<testsuite skipped="0" hostname="Mds-MacBook-Pro.local" name="PageobjectTest.AboutTest" tests="1" failures="0" timestamp="18 Sep 2019 21:38:02 GMT" time="9.300" errors="0">
  <testcase name="aboutTest" time="9.300" classname="PageobjectTest.AboutTest"/>
</testsuite> <!-- PageobjectTest.AboutTest -->
