<?xml version="1.0" encoding="UTF-8"?>
<!-- Generated by org.testng.reporters.JUnitReportReporter -->
<testsuite skipped="1" hostname="Mds-MacBook-Pro.home" name="PageobjectTest.HomepageTest" tests="1" failures="0" timestamp="17 Sep 2019 19:17:52 GMT" time="0.000" errors="0">
  <testcase name="contractTest" time="0.000" classname="PageobjectTest.HomepageTest">
    <skipped/>
  </testcase> <!-- contractTest -->
</testsuite> <!-- PageobjectTest.HomepageTest -->
