<?xml version="1.0" encoding="UTF-8"?>
<!-- Generated by org.testng.reporters.JUnitReportReporter -->
<testsuite skipped="0" hostname="Mds-MacBook-Pro.local" name="PageobjectTest.HomepageTest" tests="1" failures="0" timestamp="18 Sep 2019 21:38:07 GMT" time="22.953" errors="0">
  <testcase name="contractTest" time="22.953" classname="PageobjectTest.HomepageTest"/>
</testsuite> <!-- PageobjectTest.HomepageTest -->
